<?xml version="1.0" encoding="UTF-8" ?>
<testsuite tests="17" failures="0" name="TestSuite" time="980.812" errors="0" skipped="0">
  <properties>
[...]
</properties>
  <testcase classname="StepDefinitions.TestRunner" name="runScenario" time="153.036"/>
  <testcase classname="StepDefinitions.TestRunner" name="runScenario" time="4.23"/>
  <testcase classname="StepDefinitions.TestRunner" name="runScenario" time="6.282"/>
  <testcase classname="StepDefinitions.TestRunner" name="runScenario" time="0.287"/>
  <testcase classname="StepDefinitions.TestRunner" name="runScenario" time="0.432"/>
  <testcase classname="StepDefinitions.TestRunner" name="runScenario" time="9.797"/>
  <testcase classname="StepDefinitions.TestRunner" name="runScenario" time="5.026"/>
  <testcase classname="StepDefinitions.TestRunner" name="runScenario" time="10.568"/>
  <testcase classname="StepDefinitions.TestRunner" name="runScenario" time="11.448"/>
  <testcase classname="StepDefinitions.TestRunner" name="runScenario" time="11.466"/>
  <testcase classname="StepDefinitions.TestRunner" name="runScenario" time="98.99"/>
  <testcase classname="StepDefinitions.TestRunner" name="runScenario" time="102.182"/>
  <testcase classname="StepDefinitions.TestRunner" name="runScenario" time="107.337"/>
  <testcase classname="StepDefinitions.TestRunner" name="runScenario" time="112.549"/>
  <testcase classname="StepDefinitions.TestRunner" name="runScenario" time="113.864"/>
  <testcase classname="StepDefinitions.TestRunner" name="runScenario" time="118.863"/>
  <testcase classname="StepDefinitions.TestRunner2" name="runScenario" time="114.455"/>
</testsuite>