<?xml version="1.0" encoding="UTF-8"?>
<testng-results ignored="0" total="17" passed="17" failed="0" skipped="0">
  <reporter-output>
  </reporter-output>
  <suite started-at="2022-07-20T16:21:11 IST" name="Default suite" finished-at="2022-07-20T16:24:57 IST" duration-ms="226157">
    <groups>
      <group name="cucumber">
        <method signature="AbstractTestNGCucumberTests.runScenario(io.cucumber.testng.PickleWrapper,io.cucumber.testng.FeatureWrapper)[pri:0, instance:StepDefinitions.TestRunner@7cc0cdad]" name="runScenario" class="io.cucumber.testng.AbstractTestNGCucumberTests"/>
      </group> <!-- cucumber -->
    </groups>
    <test started-at="2022-07-20T16:21:11 IST" name="Default test" finished-at="2022-07-20T16:24:57 IST" duration-ms="226157">
      <class name="StepDefinitions.TestRunner">
        <test-method is-config="true" signature="setUpClass(org.testng.ITestContext)[pri:0, instance:StepDefinitions.TestRunner@7cc0cdad]" started-at="2022-07-20T16:21:11 IST" name="setUpClass" finished-at="2022-07-20T16:21:12 IST" duration-ms="528" status="PASS">
          <params>
            <param index="0">
              <value>
                <![CDATA[org.testng.TestRunner@482d776b]]>
              </value>
            </param>
          </params>
          <reporter-output>
          </reporter-output>
        </test-method> <!-- setUpClass -->
        <test-method signature="runScenario(io.cucumber.testng.PickleWrapper,io.cucumber.testng.FeatureWrapper)[pri:0, instance:StepDefinitions.TestRunner@7cc0cdad]" started-at="2022-07-20T16:21:12 IST" name="runScenario" description="Runs Cucumber Scenarios" data-provider="scenarios" finished-at="2022-07-20T16:22:53 IST" duration-ms="101437" status="PASS">
          <params>
            <param index="0">
              <value>
                <![CDATA["TC06_Verify that the user is able to validate the Default StartDate and EndDate Filter options in the Sites section of QoeProbe Page"]]>
              </value>
            </param>
            <param index="1">
              <value>
                <![CDATA["This feature covers test scenarios under the QoeProbe-page of Neuron_Fleet application"]]>
              </value>
            </param>
          </params>
          <reporter-output>
          </reporter-output>
        </test-method> <!-- runScenario -->
        <test-method signature="runScenario(io.cucumber.testng.PickleWrapper,io.cucumber.testng.FeatureWrapper)[pri:0, instance:StepDefinitions.TestRunner@7cc0cdad]" started-at="2022-07-20T16:21:12 IST" name="runScenario" description="Runs Cucumber Scenarios" data-provider="scenarios" finished-at="2022-07-20T16:23:07 IST" duration-ms="115150" status="PASS">
          <params>
            <param index="0">
              <value>
                <![CDATA["TC07_Verify that the user is able to validate that data is displayed in the QOE Score Analysis section of QoeProbe Page"]]>
              </value>
            </param>
            <param index="1">
              <value>
                <![CDATA["This feature covers test scenarios under the QoeProbe-page of Neuron_Fleet application"]]>
              </value>
            </param>
          </params>
          <reporter-output>
          </reporter-output>
        </test-method> <!-- runScenario -->
        <test-method signature="runScenario(io.cucumber.testng.PickleWrapper,io.cucumber.testng.FeatureWrapper)[pri:0, instance:StepDefinitions.TestRunner@7cc0cdad]" started-at="2022-07-20T16:21:12 IST" name="runScenario" description="Runs Cucumber Scenarios" data-provider="scenarios" finished-at="2022-07-20T16:22:55 IST" duration-ms="102981" status="PASS">
          <params>
            <param index="0">
              <value>
                <![CDATA["TC01_Verify that the user is able to validate the QoeProbe Page UI of Neuron Fleet application"]]>
              </value>
            </param>
            <param index="1">
              <value>
                <![CDATA["This feature covers test scenarios under the QoeProbe-page of Neuron_Fleet application"]]>
              </value>
            </param>
          </params>
          <reporter-output>
          </reporter-output>
        </test-method> <!-- runScenario -->
        <test-method signature="runScenario(io.cucumber.testng.PickleWrapper,io.cucumber.testng.FeatureWrapper)[pri:0, instance:StepDefinitions.TestRunner@7cc0cdad]" started-at="2022-07-20T16:21:12 IST" name="runScenario" description="Runs Cucumber Scenarios" data-provider="scenarios" finished-at="2022-07-20T16:23:00 IST" duration-ms="108414" status="PASS">
          <params>
            <param index="0">
              <value>
                <![CDATA["TC02_Verify that the user is able to validate the presence of data in the Sites section of QoeProbe Page"]]>
              </value>
            </param>
            <param index="1">
              <value>
                <![CDATA["This feature covers test scenarios under the QoeProbe-page of Neuron_Fleet application"]]>
              </value>
            </param>
          </params>
          <reporter-output>
          </reporter-output>
        </test-method> <!-- runScenario -->
        <test-method signature="runScenario(io.cucumber.testng.PickleWrapper,io.cucumber.testng.FeatureWrapper)[pri:0, instance:StepDefinitions.TestRunner@7cc0cdad]" started-at="2022-07-20T16:21:12 IST" name="runScenario" description="Runs Cucumber Scenarios" data-provider="scenarios" finished-at="2022-07-20T16:22:53 IST" duration-ms="101189" status="PASS">
          <params>
            <param index="0">
              <value>
                <![CDATA["TC08_Verify that the user is able to validate that data is displayed in the QOE Score Analysis Page Load Time section of QoeProbe Page"]]>
              </value>
            </param>
            <param index="1">
              <value>
                <![CDATA["This feature covers test scenarios under the QoeProbe-page of Neuron_Fleet application"]]>
              </value>
            </param>
          </params>
          <reporter-output>
          </reporter-output>
        </test-method> <!-- runScenario -->
        <test-method signature="runScenario(io.cucumber.testng.PickleWrapper,io.cucumber.testng.FeatureWrapper)[pri:0, instance:StepDefinitions.TestRunner@7cc0cdad]" started-at="2022-07-20T16:21:12 IST" name="runScenario" description="Runs Cucumber Scenarios" data-provider="scenarios" finished-at="2022-07-20T16:23:07 IST" duration-ms="115281" status="PASS">
          <params>
            <param index="0">
              <value>
                <![CDATA["TC04_Verify that the user is able to validate the Dropdown filter options in the Sites section of QoeProbe Page"]]>
              </value>
            </param>
            <param index="1">
              <value>
                <![CDATA["This feature covers test scenarios under the QoeProbe-page of Neuron_Fleet application"]]>
              </value>
            </param>
          </params>
          <reporter-output>
          </reporter-output>
        </test-method> <!-- runScenario -->
        <test-method signature="runScenario(io.cucumber.testng.PickleWrapper,io.cucumber.testng.FeatureWrapper)[pri:0, instance:StepDefinitions.TestRunner@7cc0cdad]" started-at="2022-07-20T16:21:12 IST" name="runScenario" description="Runs Cucumber Scenarios" data-provider="scenarios" finished-at="2022-07-20T16:22:26 IST" duration-ms="74642" status="PASS">
          <params>
            <param index="0">
              <value>
                <![CDATA["TC01_Verify that the user is able to login into Neuron Fleet application"]]>
              </value>
            </param>
            <param index="1">
              <value>
                <![CDATA["This feature covers test scenarios under the Home-page of Neuron_Fleet application"]]>
              </value>
            </param>
          </params>
          <reporter-output>
          </reporter-output>
        </test-method> <!-- runScenario -->
        <test-method signature="runScenario(io.cucumber.testng.PickleWrapper,io.cucumber.testng.FeatureWrapper)[pri:0, instance:StepDefinitions.TestRunner@7cc0cdad]" started-at="2022-07-20T16:21:12 IST" name="runScenario" description="Runs Cucumber Scenarios" data-provider="scenarios" finished-at="2022-07-20T16:22:52 IST" duration-ms="100337" status="PASS">
          <params>
            <param index="0">
              <value>
                <![CDATA["TC03_Verify that the user is able to validate the colour coding of data in the Sites section of QoeProbe Page"]]>
              </value>
            </param>
            <param index="1">
              <value>
                <![CDATA["This feature covers test scenarios under the QoeProbe-page of Neuron_Fleet application"]]>
              </value>
            </param>
          </params>
          <reporter-output>
          </reporter-output>
        </test-method> <!-- runScenario -->
        <test-method signature="runScenario(io.cucumber.testng.PickleWrapper,io.cucumber.testng.FeatureWrapper)[pri:0, instance:StepDefinitions.TestRunner@7cc0cdad]" started-at="2022-07-20T16:21:12 IST" name="runScenario" description="Runs Cucumber Scenarios" data-provider="scenarios" finished-at="2022-07-20T16:23:11 IST" duration-ms="118935" status="PASS">
          <params>
            <param index="0">
              <value>
                <![CDATA["TC09_Verify that the user is able to validate that data is displayed in the QOE probe Metrics section of QoeProbe Page"]]>
              </value>
            </param>
            <param index="1">
              <value>
                <![CDATA["This feature covers test scenarios under the QoeProbe-page of Neuron_Fleet application"]]>
              </value>
            </param>
          </params>
          <reporter-output>
          </reporter-output>
        </test-method> <!-- runScenario -->
        <test-method signature="runScenario(io.cucumber.testng.PickleWrapper,io.cucumber.testng.FeatureWrapper)[pri:0, instance:StepDefinitions.TestRunner@7cc0cdad]" started-at="2022-07-20T16:21:12 IST" name="runScenario" description="Runs Cucumber Scenarios" data-provider="scenarios" finished-at="2022-07-20T16:22:54 IST" duration-ms="102237" status="PASS">
          <params>
            <param index="0">
              <value>
                <![CDATA["TC05_Verify that the user is able to validate the Quick Select Filter options in the Sites section of QoeProbe Page"]]>
              </value>
            </param>
            <param index="1">
              <value>
                <![CDATA["This feature covers test scenarios under the QoeProbe-page of Neuron_Fleet application"]]>
              </value>
            </param>
          </params>
          <reporter-output>
          </reporter-output>
        </test-method> <!-- runScenario -->
        <test-method signature="runScenario(io.cucumber.testng.PickleWrapper,io.cucumber.testng.FeatureWrapper)[pri:0, instance:StepDefinitions.TestRunner@7cc0cdad]" started-at="2022-07-20T16:22:27 IST" name="runScenario" description="Runs Cucumber Scenarios" data-provider="scenarios" finished-at="2022-07-20T16:23:58 IST" duration-ms="91987" status="PASS">
          <params>
            <param index="0">
              <value>
                <![CDATA["TC01_Verify that the user is able to validate the RF Statistics Page UI of Neuron Fleet application"]]>
              </value>
            </param>
            <param index="1">
              <value>
                <![CDATA["This feature covers test scenarios under the RF System-page of Neuron_Fleet application"]]>
              </value>
            </param>
          </params>
          <reporter-output>
          </reporter-output>
        </test-method> <!-- runScenario -->
        <test-method signature="runScenario(io.cucumber.testng.PickleWrapper,io.cucumber.testng.FeatureWrapper)[pri:0, instance:StepDefinitions.TestRunner@7cc0cdad]" started-at="2022-07-20T16:22:52 IST" name="runScenario" description="Runs Cucumber Scenarios" data-provider="scenarios" finished-at="2022-07-20T16:24:29 IST" duration-ms="96689" status="PASS">
          <params>
            <param index="0">
              <value>
                <![CDATA["TC02_Verify that the user is able to validate the Quick Select Filter options in the RF Statistics Page"]]>
              </value>
            </param>
            <param index="1">
              <value>
                <![CDATA["This feature covers test scenarios under the RF System-page of Neuron_Fleet application"]]>
              </value>
            </param>
          </params>
          <reporter-output>
          </reporter-output>
        </test-method> <!-- runScenario -->
        <test-method signature="runScenario(io.cucumber.testng.PickleWrapper,io.cucumber.testng.FeatureWrapper)[pri:0, instance:StepDefinitions.TestRunner@7cc0cdad]" started-at="2022-07-20T16:22:53 IST" name="runScenario" description="Runs Cucumber Scenarios" data-provider="scenarios" finished-at="2022-07-20T16:24:21 IST" duration-ms="87723" status="PASS">
          <params>
            <param index="0">
              <value>
                <![CDATA["TC03_Verify that the user is able to validate the Default StartDate and EndDate Filter options in the RF Statistics Page"]]>
              </value>
            </param>
            <param index="1">
              <value>
                <![CDATA["This feature covers test scenarios under the RF System-page of Neuron_Fleet application"]]>
              </value>
            </param>
          </params>
          <reporter-output>
          </reporter-output>
        </test-method> <!-- runScenario -->
        <test-method signature="runScenario(io.cucumber.testng.PickleWrapper,io.cucumber.testng.FeatureWrapper)[pri:0, instance:StepDefinitions.TestRunner@7cc0cdad]" started-at="2022-07-20T16:22:53 IST" name="runScenario" description="Runs Cucumber Scenarios" data-provider="scenarios" finished-at="2022-07-20T16:24:32 IST" duration-ms="98502" status="PASS">
          <params>
            <param index="0">
              <value>
                <![CDATA["TC04_Verify that the user is able to validate that data is displayed in the RF Statistics Page"]]>
              </value>
            </param>
            <param index="1">
              <value>
                <![CDATA["This feature covers test scenarios under the RF System-page of Neuron_Fleet application"]]>
              </value>
            </param>
          </params>
          <reporter-output>
          </reporter-output>
        </test-method> <!-- runScenario -->
        <test-method signature="runScenario(io.cucumber.testng.PickleWrapper,io.cucumber.testng.FeatureWrapper)[pri:0, instance:StepDefinitions.TestRunner@7cc0cdad]" started-at="2022-07-20T16:22:54 IST" name="runScenario" description="Runs Cucumber Scenarios" data-provider="scenarios" finished-at="2022-07-20T16:24:33 IST" duration-ms="99080" status="PASS">
          <params>
            <param index="0">
              <value>
                <![CDATA["TC01_Verify that the user is able to validate the WAN Performance Page UI of Neuron Fleet application"]]>
              </value>
            </param>
            <param index="1">
              <value>
                <![CDATA["This feature covers test scenarios under the WAN-page of Neuron_Fleet application"]]>
              </value>
            </param>
          </params>
          <reporter-output>
          </reporter-output>
        </test-method> <!-- runScenario -->
        <test-method signature="runScenario(io.cucumber.testng.PickleWrapper,io.cucumber.testng.FeatureWrapper)[pri:0, instance:StepDefinitions.TestRunner@7cc0cdad]" started-at="2022-07-20T16:22:55 IST" name="runScenario" description="Runs Cucumber Scenarios" data-provider="scenarios" finished-at="2022-07-20T16:24:41 IST" duration-ms="106458" status="PASS">
          <params>
            <param index="0">
              <value>
                <![CDATA["TC02_Verify that the user is able to validate the presence of various graphs under WAN Performance Page"]]>
              </value>
            </param>
            <param index="1">
              <value>
                <![CDATA["This feature covers test scenarios under the WAN-page of Neuron_Fleet application"]]>
              </value>
            </param>
          </params>
          <reporter-output>
          </reporter-output>
        </test-method> <!-- runScenario -->
        <test-method signature="runScenario(io.cucumber.testng.PickleWrapper,io.cucumber.testng.FeatureWrapper)[pri:0, instance:StepDefinitions.TestRunner@7cc0cdad]" started-at="2022-07-20T16:23:00 IST" name="runScenario" description="Runs Cucumber Scenarios" data-provider="scenarios" finished-at="2022-07-20T16:24:57 IST" duration-ms="117015" status="PASS">
          <params>
            <param index="0">
              <value>
                <![CDATA["TC03_Verify that the user is able to validate the presence of graphical data under WAN Performance Page"]]>
              </value>
            </param>
            <param index="1">
              <value>
                <![CDATA["This feature covers test scenarios under the WAN-page of Neuron_Fleet application"]]>
              </value>
            </param>
          </params>
          <reporter-output>
          </reporter-output>
        </test-method> <!-- runScenario -->
        <test-method is-config="true" signature="tearDownClass()[pri:0, instance:StepDefinitions.TestRunner@7cc0cdad]" started-at="2022-07-20T16:24:57 IST" name="tearDownClass" finished-at="2022-07-20T16:24:57 IST" duration-ms="153" status="PASS">
          <reporter-output>
          </reporter-output>
        </test-method> <!-- tearDownClass -->
      </class> <!-- StepDefinitions.TestRunner -->
    </test> <!-- Default test -->
  </suite> <!-- Default suite -->
</testng-results>
